<?xml version="1.0" encoding="UTF-8"?>
<!-- Generated by org.testng.reporters.JUnitReportReporter -->
<testsuite skipped="0" hostname="Mushtaq-Sayyed.local" name="testcases.testcaseFile" tests="2" failures="0" timestamp="2022-08-08T17:50:09 IST" time="0.021" errors="0">
  <testcase name="countNumberOfForeignPlayers" time="0.002" classname="testcases.testcaseFile"/>
  <system-out/>
  <testcase name="atLeastOneWicketKeeper" time="0.019" classname="testcases.testcaseFile"/>
  <system-out/>
</testsuite> <!-- testcases.testcaseFile -->
