<?xml version="1.0" encoding="UTF-8"?>
<!-- Generated by org.testng.reporters.JUnitReportReporter -->
<testsuite skipped="0" hostname="Mushtaq-Sayyed.local" name="testcases.testcaseFile" tests="2" failures="0" timestamp="2022-08-08T20:01:53 IST" time="0.012" errors="0">
  <testcase name="countNumberOfForeignPlayers" time="0.001" classname="testcases.testcaseFile"/>
  <system-out/>
  <testcase name="atLeastOneWicketKeeper" time="0.011" classname="testcases.testcaseFile"/>
  <system-out/>
</testsuite> <!-- testcases.testcaseFile -->
